<?xml version="1.0" encoding="UTF-8"?>
<!-- Generated by org.testng.reporters.JUnitReportReporter -->
<testsuite hostname="DELL" failures="0" tests="2" name="qaclick.Maven.AppiumTest" time="0.009" errors="0" timestamp="2021-02-04T13:12:15 IST" skipped="0">
  <testcase classname="qaclick.Maven.AppiumTest" name="NativeAndroid" time="0.001"/>
  <system-out/>
  <testcase classname="qaclick.Maven.AppiumTest" name="IosApps" time="0.008"/>
  <system-out/>
</testsuite> <!-- qaclick.Maven.AppiumTest -->
