<?xml version="1.0" encoding="UTF-8"?>
<!-- Generated by org.testng.reporters.JUnitReportReporter -->
<testsuite hostname="DELL" failures="0" tests="1" name="qaclick.Maven.AppTest" time="0.025" errors="0" timestamp="2021-02-04T13:12:16 IST" skipped="0">
  <testcase classname="qaclick.Maven.AppTest" name="shouldAnswerWithTrue" time="0.025"/>
  <system-out/>
</testsuite> <!-- qaclick.Maven.AppTest -->
